{"E:\\Others\\Job Task Project\\Shomvob\\backend\\src\\middleware\\auth.js": {"path":"E:\\Others\\Job Task Project\\Shomvob\\backend\\src\\middleware\\auth.js","statementMap":{"0":{"start":{"line":1,"column":12},"end":{"line":1,"column":35}},"1":{"start":{"line":3,"column":13},"end":{"line":19,"column":1}},"2":{"start":{"line":4,"column":16},"end":{"line":4,"column":67}},"3":{"start":{"line":5,"column":2},"end":{"line":7,"column":3}},"4":{"start":{"line":6,"column":4},"end":{"line":6,"column":64}},"5":{"start":{"line":9,"column":2},"end":{"line":18,"column":3}},"6":{"start":{"line":10,"column":20},"end":{"line":10,"column":61}},"7":{"start":{"line":11,"column":4},"end":{"line":13,"column":5}},"8":{"start":{"line":12,"column":6},"end":{"line":12,"column":70}},"9":{"start":{"line":14,"column":4},"end":{"line":14,"column":23}},"10":{"start":{"line":15,"column":4},"end":{"line":15,"column":11}},"11":{"start":{"line":17,"column":4},"end":{"line":17,"column":53}},"12":{"start":{"line":21,"column":0},"end":{"line":21,"column":22}}},"fnMap":{"0":{"name":"(anonymous_0)","decl":{"start":{"line":3,"column":13},"end":{"line":3,"column":14}},"loc":{"start":{"line":3,"column":33},"end":{"line":19,"column":1}},"line":3}},"branchMap":{"0":{"loc":{"start":{"line":5,"column":2},"end":{"line":7,"column":3}},"type":"if","locations":[{"start":{"line":5,"column":2},"end":{"line":7,"column":3}},{"start":{},"end":{}}],"line":5},"1":{"loc":{"start":{"line":11,"column":4},"end":{"line":13,"column":5}},"type":"if","locations":[{"start":{"line":11,"column":4},"end":{"line":13,"column":5}},{"start":{},"end":{}}],"line":11}},"s":{"0":1,"1":1,"2":4,"3":4,"4":1,"5":3,"6":3,"7":2,"8":1,"9":1,"10":1,"11":1,"12":1},"f":{"0":4},"b":{"0":[1,3],"1":[1,1]},"_coverageSchema":"1a1c01bbd47fc00a2c39e90264f33305004495a9","hash":"78f0031e048f3225b67f2f63155b6db96527bae4"}
,"E:\\Others\\Job Task Project\\Shomvob\\backend\\src\\models\\Application.js": {"path":"E:\\Others\\Job Task Project\\Shomvob\\backend\\src\\models\\Application.js","statementMap":{"0":{"start":{"line":1,"column":17},"end":{"line":1,"column":36}},"1":{"start":{"line":3,"column":26},"end":{"line":12,"column":2}},"2":{"start":{"line":14,"column":0},"end":{"line":14,"column":66}}},"fnMap":{},"branchMap":{},"s":{"0":2,"1":2,"2":2},"f":{},"b":{},"_coverageSchema":"1a1c01bbd47fc00a2c39e90264f33305004495a9","hash":"5de94f14a4d59a26d3d46d93d5ff51cf3eca3922"}
,"E:\\Others\\Job Task Project\\Shomvob\\backend\\src\\models\\Job.js": {"path":"E:\\Others\\Job Task Project\\Shomvob\\backend\\src\\models\\Job.js","statementMap":{"0":{"start":{"line":1,"column":17},"end":{"line":1,"column":36}},"1":{"start":{"line":3,"column":18},"end":{"line":19,"column":2}},"2":{"start":{"line":21,"column":0},"end":{"line":21,"column":50}}},"fnMap":{},"branchMap":{},"s":{"0":2,"1":2,"2":2},"f":{},"b":{},"_coverageSchema":"1a1c01bbd47fc00a2c39e90264f33305004495a9","hash":"c79d5721160d6d72c267360df5ea2ff0885e4982"}
,"E:\\Others\\Job Task Project\\Shomvob\\backend\\src\\routes\\applications.js": {"path":"E:\\Others\\Job Task Project\\Shomvob\\backend\\src\\routes\\applications.js","statementMap":{"0":{"start":{"line":1,"column":16},"end":{"line":1,"column":34}},"1":{"start":{"line":2,"column":15},"end":{"line":2,"column":31}},"2":{"start":{"line":3,"column":20},"end":{"line":3,"column":52}},"3":{"start":{"line":5,"column":0},"end":{"line":13,"column":3}},"4":{"start":{"line":6,"column":2},"end":{"line":12,"column":3}},"5":{"start":{"line":7,"column":24},"end":{"line":7,"column":49}},"6":{"start":{"line":8,"column":4},"end":{"line":8,"column":29}},"7":{"start":{"line":9,"column":4},"end":{"line":9,"column":50}},"8":{"start":{"line":11,"column":4},"end":{"line":11,"column":52}},"9":{"start":{"line":15,"column":0},"end":{"line":22,"column":3}},"10":{"start":{"line":16,"column":2},"end":{"line":21,"column":3}},"11":{"start":{"line":17,"column":25},"end":{"line":17,"column":49}},"12":{"start":{"line":18,"column":4},"end":{"line":18,"column":27}},"13":{"start":{"line":20,"column":4},"end":{"line":20,"column":52}},"14":{"start":{"line":24,"column":0},"end":{"line":24,"column":24}}},"fnMap":{"0":{"name":"(anonymous_0)","decl":{"start":{"line":5,"column":17},"end":{"line":5,"column":18}},"loc":{"start":{"line":5,"column":37},"end":{"line":13,"column":1}},"line":5},"1":{"name":"(anonymous_1)","decl":{"start":{"line":15,"column":16},"end":{"line":15,"column":17}},"loc":{"start":{"line":15,"column":36},"end":{"line":22,"column":1}},"line":15}},"branchMap":{},"s":{"0":1,"1":1,"2":1,"3":1,"4":1,"5":1,"6":1,"7":1,"8":0,"9":1,"10":1,"11":1,"12":1,"13":0,"14":1},"f":{"0":1,"1":1},"b":{},"_coverageSchema":"1a1c01bbd47fc00a2c39e90264f33305004495a9","hash":"e5bac1b657e551c4487d55f2012b10f5827c9cc3"}
,"E:\\Others\\Job Task Project\\Shomvob\\backend\\src\\routes\\auth.js": {"path":"E:\\Others\\Job Task Project\\Shomvob\\backend\\src\\routes\\auth.js","statementMap":{"0":{"start":{"line":1,"column":16},"end":{"line":1,"column":34}},"1":{"start":{"line":2,"column":12},"end":{"line":2,"column":35}},"2":{"start":{"line":3,"column":15},"end":{"line":3,"column":31}},"3":{"start":{"line":5,"column":0},"end":{"line":13,"column":3}},"4":{"start":{"line":6,"column":33},"end":{"line":6,"column":41}},"5":{"start":{"line":7,"column":2},"end":{"line":12,"column":3}},"6":{"start":{"line":8,"column":18},"end":{"line":8,"column":90}},"7":{"start":{"line":9,"column":4},"end":{"line":9,"column":24}},"8":{"start":{"line":11,"column":4},"end":{"line":11,"column":59}},"9":{"start":{"line":15,"column":0},"end":{"line":15,"column":24}}},"fnMap":{"0":{"name":"(anonymous_0)","decl":{"start":{"line":5,"column":22},"end":{"line":5,"column":23}},"loc":{"start":{"line":5,"column":36},"end":{"line":13,"column":1}},"line":5}},"branchMap":{"0":{"loc":{"start":{"line":7,"column":2},"end":{"line":12,"column":3}},"type":"if","locations":[{"start":{"line":7,"column":2},"end":{"line":12,"column":3}},{"start":{"line":10,"column":9},"end":{"line":12,"column":3}}],"line":7},"1":{"loc":{"start":{"line":7,"column":6},"end":{"line":7,"column":88}},"type":"binary-expr","locations":[{"start":{"line":7,"column":6},"end":{"line":7,"column":45}},{"start":{"line":7,"column":49},"end":{"line":7,"column":88}}],"line":7}},"s":{"0":1,"1":1,"2":1,"3":1,"4":2,"5":2,"6":1,"7":1,"8":1,"9":1},"f":{"0":2},"b":{"0":[1,1],"1":[2,1]},"_coverageSchema":"1a1c01bbd47fc00a2c39e90264f33305004495a9","hash":"c4606b24a92376c5e40523ae5c9bc2d8a535a4d6"}
,"E:\\Others\\Job Task Project\\Shomvob\\backend\\src\\routes\\jobs.js": {"path":"E:\\Others\\Job Task Project\\Shomvob\\backend\\src\\routes\\jobs.js","statementMap":{"0":{"start":{"line":1,"column":16},"end":{"line":1,"column":34}},"1":{"start":{"line":2,"column":17},"end":{"line":2,"column":36}},"2":{"start":{"line":3,"column":15},"end":{"line":3,"column":31}},"3":{"start":{"line":4,"column":12},"end":{"line":4,"column":36}},"4":{"start":{"line":5,"column":13},"end":{"line":5,"column":42}},"5":{"start":{"line":7,"column":0},"end":{"line":14,"column":3}},"6":{"start":{"line":8,"column":2},"end":{"line":13,"column":3}},"7":{"start":{"line":9,"column":17},"end":{"line":9,"column":33}},"8":{"start":{"line":10,"column":4},"end":{"line":10,"column":19}},"9":{"start":{"line":12,"column":4},"end":{"line":12,"column":52}},"10":{"start":{"line":16,"column":0},"end":{"line":36,"column":3}},"11":{"start":{"line":17,"column":2},"end":{"line":35,"column":3}},"12":{"start":{"line":18,"column":19},"end":{"line":18,"column":29}},"13":{"start":{"line":21,"column":4},"end":{"line":23,"column":5}},"14":{"start":{"line":22,"column":6},"end":{"line":22,"column":63}},"15":{"start":{"line":25,"column":16},"end":{"line":25,"column":38}},"16":{"start":{"line":27,"column":4},"end":{"line":29,"column":5}},"17":{"start":{"line":28,"column":6},"end":{"line":28,"column":62}},"18":{"start":{"line":31,"column":4},"end":{"line":31,"column":18}},"19":{"start":{"line":33,"column":4},"end":{"line":33,"column":44}},"20":{"start":{"line":34,"column":4},"end":{"line":34,"column":52}},"21":{"start":{"line":38,"column":0},"end":{"line":48,"column":3}},"22":{"start":{"line":39,"column":2},"end":{"line":47,"column":3}},"23":{"start":{"line":40,"column":16},"end":{"line":40,"column":33}},"24":{"start":{"line":41,"column":4},"end":{"line":41,"column":21}},"25":{"start":{"line":42,"column":4},"end":{"line":42,"column":42}},"26":{"start":{"line":44,"column":4},"end":{"line":44,"column":44}},"27":{"start":{"line":46,"column":4},"end":{"line":46,"column":52}},"28":{"start":{"line":50,"column":0},"end":{"line":50,"column":24}}},"fnMap":{"0":{"name":"(anonymous_0)","decl":{"start":{"line":7,"column":16},"end":{"line":7,"column":17}},"loc":{"start":{"line":7,"column":36},"end":{"line":14,"column":1}},"line":7},"1":{"name":"(anonymous_1)","decl":{"start":{"line":16,"column":19},"end":{"line":16,"column":20}},"loc":{"start":{"line":16,"column":39},"end":{"line":36,"column":1}},"line":16},"2":{"name":"(anonymous_2)","decl":{"start":{"line":38,"column":23},"end":{"line":38,"column":24}},"loc":{"start":{"line":38,"column":43},"end":{"line":48,"column":1}},"line":38}},"branchMap":{"0":{"loc":{"start":{"line":21,"column":4},"end":{"line":23,"column":5}},"type":"if","locations":[{"start":{"line":21,"column":4},"end":{"line":23,"column":5}},{"start":{},"end":{}}],"line":21},"1":{"loc":{"start":{"line":27,"column":4},"end":{"line":29,"column":5}},"type":"if","locations":[{"start":{"line":27,"column":4},"end":{"line":29,"column":5}},{"start":{},"end":{}}],"line":27}},"s":{"0":1,"1":1,"2":1,"3":1,"4":1,"5":1,"6":1,"7":1,"8":1,"9":0,"10":1,"11":2,"12":2,"13":2,"14":1,"15":1,"16":1,"17":0,"18":1,"19":0,"20":0,"21":1,"22":1,"23":1,"24":1,"25":1,"26":0,"27":0,"28":1},"f":{"0":1,"1":2,"2":1},"b":{"0":[1,1],"1":[0,1]},"_coverageSchema":"1a1c01bbd47fc00a2c39e90264f33305004495a9","hash":"9edc8a07b539c38fe12dd339a0109592d83d8377"}
}
